<?xml version="1.0" encoding="UTF-8"?>
<!-- Generated by org.testng.reporters.JUnitXMLReporter -->
<testsuite ignored="0" hostname="Ankitas-MacBook-Air.local" failures="0" tests="5" name="Test" time="32.28" errors="0" timestamp="2024-10-21T23:38:09 GMT-07:00">
  <testcase classname="com.automation.tests.LoginTests" name="checkRememberMe" time="5.559"/>
  <testcase classname="com.automation.tests.LoginTests" name="forgotPassword" time="2.708"/>
  <testcase classname="com.automation.tests.LoginTests" name="incorrectLogin" time="3.287"/>
  <testcase classname="com.automation.tests.LoginTests" name="loginError" time="1.709"/>
  <testcase classname="com.automation.tests.LoginTests" name="validLogin" time="2.75"/>
</testsuite> <!-- Test -->
